{
  "0 debug pnpm:scope": {
    "selected": 1,
    "workspacePrefix": "/Users/vergonn/Desktop/lowcode-monorepo"
  },
  "1 error pnpm": {
    "code": "ELIFECYCLE",
    "errno": "ENOENT",
    "syscall": "spawn",
    "file": "sh",
    "pkgid": "@iteria-app/react-material-ui-vite@0.0.0",
    "stage": "build",
    "script": "vite build",
    "pkgname": "@iteria-app/react-material-ui-vite",
    "err": {
      "name": "pnpm",
      "message": "@iteria-app/react-material-ui-vite@0.0.0 build: `vite build`\nspawn ENOENT",
      "code": "ELIFECYCLE",
      "stack": "pnpm: @iteria-app/react-material-ui-vite@0.0.0 build: `vite build`\nspawn ENOENT\n    at ChildProcess.<anonymous> (/opt/homebrew/Cellar/node/17.8.0/pnpm-global/5/node_modules/.pnpm/pnpm@6.32.9/node_modules/pnpm/dist/pnpm.cjs:92384:22)\n    at ChildProcess.emit (node:events:527:28)\n    at maybeClose (node:internal/child_process:1090:16)\n    at Process.ChildProcess._handle.onexit (node:internal/child_process:302:5)"
    }
  },
  "2 warn pnpm:global": " Local package.json exists, but node_modules missing, did you mean to install?"
}